<?xml version="1.0" encoding="UTF-8"?>
<!-- Generated by org.testng.reporters.JUnitXMLReporter -->
<testsuite hostname="sudhanshu" name="Test" tests="1" failures="1" timestamp="14 Oct 2020 18:53:13 GMT" time="36.311" errors="0">
  <testcase name="createNewTask" time="0.358" classname="com.actiTime.test.TC_002_CreateNewTask">
    <failure type="java.lang.NullPointerException">
      <![CDATA[java.lang.NullPointerException
	at org.openqa.selenium.support.pagefactory.DefaultElementLocator.findElement(DefaultElementLocator.java:69)
	at org.openqa.selenium.support.pagefactory.internal.LocatingElementHandler.invoke(LocatingElementHandler.java:38)
	at com.sun.proxy.$Proxy9.click(Unknown Source)
	at com.actiTime.pageObjects.CreateNewTask.clickCreateNewTaskLink(CreateNewTask.java:27)
	at com.actiTime.test.TC_002_CreateNewTask.createNewTask(TC_002_CreateNewTask.java:15)
... Removed 24 stack frames]]>
    </failure>
  </testcase> <!-- createNewTask -->
</testsuite> <!-- Test -->
